#
# An unexpected error has occurred (11)
#
Stack:
/home/Xilinx/Vivado/2022.2/tps/lnx64/jre11.0.11_9/lib//server/libjvm.so(+0xbefecb) [0x7f7d705efecb]
/home/Xilinx/Vivado/2022.2/tps/lnx64/jre11.0.11_9/lib//server/libjvm.so(JVM_handle_linux_signal+0xd1) [0x7f7d705f6c81]
/home/Xilinx/Vivado/2022.2/tps/lnx64/jre11.0.11_9/lib//server/libjvm.so(+0xbead23) [0x7f7d705ead23]
/lib/x86_64-linux-gnu/libc.so.6(+0x42520) [0x7f7db0042520]
/lib/x86_64-linux-gnu/libc.so.6(+0x1afba0) [0x7f7db01afba0]
/home/Xilinx/Vivado/2022.2/lib/lnx64.o/libtcmalloc.so.4(__libc_calloc+0xc6) [0x7f7db203aad6]
/home/Xilinx/Vivado/2022.2/lib/lnx64.o/librdiconfig.so(+0xb54f) [0x7f7dab60b54f]
/home/Xilinx/Vivado/2022.2/lib/lnx64.o/librdiconfig.so(libconfig_yyparse+0xaa2) [0x7f7dab609ce2]
/home/Xilinx/Vivado/2022.2/lib/lnx64.o/librdiconfig.so(+0xb2d0) [0x7f7dab60b2d0]
/home/Xilinx/Vivado/2022.2/lib/lnx64.o/librdiconfig.so(libconfig::Config::readString(char const*)+0xd) [0x7f7dab60c51d]
/home/Xilinx/Vivado/2022.2/lib/lnx64.o/librdi_common.so(ComMsgMgrFile::parse()+0x108) [0x7f7db13f4338]
/home/Xilinx/Vivado/2022.2/lib/lnx64.o/librdi_common.so(ComMsgMgrImpl::getMsgFile(std::__cxx11::basic_string<char, std::char_traits<char>, std::allocator<char> > const&, std::__cxx11::basic_string<char, std::char_traits<char>, std::allocator<char> > const&)+0x93) [0x7f7db13ffee3]
/home/Xilinx/Vivado/2022.2/lib/lnx64.o/librdi_common.so(ComMsgMgrInstanceImpl::checkId(std::__cxx11::basic_string<char, std::char_traits<char>, std::allocator<char> > const&, std::__cxx11::basic_string<char, std::char_traits<char>, std::allocator<char> > const&)+0x149) [0x7f7db1416299]
/home/Xilinx/Vivado/2022.2/lib/lnx64.o/librdi_common.so(ComMsgMgrInstanceImpl::ComMsgMgrInstanceImpl(std::__cxx11::basic_string<char, std::char_traits<char>, std::allocator<char> > const&, ComMsgMgr::MsgMask, std::__cxx11::basic_string<char, std::char_traits<char>, std::allocator<char> > const&)+0x118) [0x7f7db14163f8]
/home/Xilinx/Vivado/2022.2/lib/lnx64.o/librdi_common.so(ComMsgMgrInstance::ComMsgMgrInstance(std::__cxx11::basic_string<char, std::char_traits<char>, std::allocator<char> > const&, ComMsgMgr::MsgMask, std::__cxx11::basic_string<char, std::char_traits<char>, std::allocator<char> > const&)+0x4c) [0x7f7db140ec2c]
/home/Xilinx/Vivado/2022.2/lib/lnx64.o/librdi_common.so(ComMsgMgr::sendMsgString(std::__cxx11::basic_string<char, std::char_traits<char>, std::allocator<char> > const&, ComMsgMgr::MsgMask, std::__cxx11::basic_string<char, std::char_traits<char>, std::allocator<char> > const&)+0x19) [0x7f7db13e0379]
/home/Xilinx/Vivado/2022.2/lib/lnx64.o/librdi_wavedata.so(SimBridge::FrontEndControl::runRestart() const+0x8b) [0x7f7d80829d7b]
/home/Xilinx/Vivado/2022.2/lib/lnx64.o/librdi_simdata.so(RSDData::RSDLiveSimulationObjectImp::issueBlockingCommand(RSDData::CommandContainer const&, HDGUIStatus*, Tcl_Interp*)+0x883) [0x7f7dab55f393]
/home/Xilinx/Vivado/2022.2/lib/lnx64.o/librdi_simdata.so(RSDData::RSDLiveSimulationObject::issueRunRestart()+0x36) [0x7f7dab55f626]
/home/Xilinx/Vivado/2022.2/lib/lnx64.o/librdi_simtcltasks.so(+0x21c4c8) [0x7f7d3541c4c8]
/home/Xilinx/Vivado/2022.2/lib/lnx64.o/librdi_common.so(+0xb9430f) [0x7f7db179430f]
/home/Xilinx/Vivado/2022.2/lib/lnx64.o/libtcl8.5.so(+0x3356f) [0x7f7daae3356f]
/home/Xilinx/Vivado/2022.2/lib/lnx64.o/libtcl8.5.so(+0x76945) [0x7f7daae76945]
/home/Xilinx/Vivado/2022.2/lib/lnx64.o/libtcl8.5.so(+0x7e0f9) [0x7f7daae7e0f9]
/home/Xilinx/Vivado/2022.2/lib/lnx64.o/libtcl8.5.so(TclEvalObjEx+0x76) [0x7f7daae35216]
/home/Xilinx/Vivado/2022.2/lib/lnx64.o/librdi_common.so(+0xb91c33) [0x7f7db1791c33]
/home/Xilinx/Vivado/2022.2/lib/lnx64.o/libtcl8.5.so(Tcl_ServiceEvent+0x7f) [0x7f7daaea7bef]
/home/Xilinx/Vivado/2022.2/lib/lnx64.o/libtcl8.5.so(Tcl_DoOneEvent+0x154) [0x7f7daaea7f24]
/home/Xilinx/Vivado/2022.2/lib/lnx64.o/librdi_commontasks.so(+0x2b3c27) [0x7f7da40b3c27]
/home/Xilinx/Vivado/2022.2/lib/lnx64.o/librdi_commontasks.so(+0x2bc4f7) [0x7f7da40bc4f7]
/home/Xilinx/Vivado/2022.2/lib/lnx64.o/librdi_commontasks.so(+0x2bcdff) [0x7f7da40bcdff]
/home/Xilinx/Vivado/2022.2/lib/lnx64.o/librdi_common.so(+0xb9430f) [0x7f7db179430f]
/home/Xilinx/Vivado/2022.2/lib/lnx64.o/libtcl8.5.so(+0x3356f) [0x7f7daae3356f]
/home/Xilinx/Vivado/2022.2/lib/lnx64.o/libtcl8.5.so(+0x76945) [0x7f7daae76945]
/home/Xilinx/Vivado/2022.2/lib/lnx64.o/libtcl8.5.so(+0x7e0f9) [0x7f7daae7e0f9]
/home/Xilinx/Vivado/2022.2/lib/lnx64.o/libtcl8.5.so(TclEvalObjEx+0x76) [0x7f7daae35216]
/home/Xilinx/Vivado/2022.2/lib/lnx64.o/librdi_commonmain.so(+0xc3d8) [0x7f7db1ff23d8]
/home/Xilinx/Vivado/2022.2/lib/lnx64.o/libtcl8.5.so(Tcl_Main+0x1d0) [0x7f7daaea02f0]
/home/Xilinx/Vivado/2022.2/lib/lnx64.o/librdi_common.so(+0xbc17ab) [0x7f7db17c17ab]
/lib/x86_64-linux-gnu/libc.so.6(+0x94b43) [0x7f7db0094b43]
/lib/x86_64-linux-gnu/libc.so.6(+0x126a00) [0x7f7db0126a00]
