#-----------------------------------------------------------
# Vivado v2022.2 (64-bit)
# SW Build 3671981 on Fri Oct 14 04:59:54 MDT 2022
# IP Build 3669848 on Fri Oct 14 08:30:02 MDT 2022
# Start of session at: Sun Jul  9 23:06:06 2023
# Process ID: 2043251
# Current directory: /home/weigao/PHY-Project
# Command line: vivado
# Log file: /home/weigao/PHY-Project/vivado.log
# Journal file: /home/weigao/PHY-Project/vivado.jou
# Running On: atlas3, OS: Linux, CPU Frequency: 1200.000 MHz, CPU Physical cores: 22, Host memory: 201351 MB
#-----------------------------------------------------------
start_gui
open_project /home/weigao/project_JUNE/project_JUNE.xpr
WARNING: [Board 49-26] cannot add Board Part xilinx.com:vek280_es:part0:1.0 available at /home/Xilinx/Vivado/2022.2/data/xhub/boards/XilinxBoardStore/boards/Xilinx/vek280/es/1.0/board.xml as part xcve2802-vsvh1760-2lp-e-s-es1 specified in board_part file is either invalid or not available
WARNING: [Board 49-26] cannot add Board Part xilinx.com:vhk158_es:part0:1.0 available at /home/Xilinx/Vivado/2022.2/data/xhub/boards/XilinxBoardStore/boards/Xilinx/vhk158/es/1.0/board.xml as part xcvh1582-vsva3697-2mp-e-s-es1 specified in board_part file is either invalid or not available
WARNING: [Board 49-26] cannot add Board Part xilinx.com:vpk120_es:part0:1.2 available at /home/Xilinx/Vivado/2022.2/data/xhub/boards/XilinxBoardStore/boards/Xilinx/vpk120/es/1.2/board.xml as part xcvp1202-vsva2785-2mp-e-s-es1 specified in board_part file is either invalid or not available
WARNING: [Board 49-26] cannot add Board Part xilinx.com:vpk120_es_revb:part0:1.0 available at /home/Xilinx/Vivado/2022.2/data/xhub/boards/XilinxBoardStore/boards/Xilinx/vpk120_revb/es/1.0/board.xml as part xcvp1202-vsva2785-2mp-e-s-es1 specified in board_part file is either invalid or not available
WARNING: [Board 49-26] cannot add Board Part xilinx.com:vpk180_es:part0:1.0 available at /home/Xilinx/Vivado/2022.2/data/xhub/boards/XilinxBoardStore/boards/Xilinx/vpk180/es/1.0/board.xml as part xcvp1802-lsvc4072-2mp-e-s-es1 specified in board_part file is either invalid or not available
WARNING: [Board 49-26] cannot add Board Part xilinx.com:zcu208ld:part0:2.0 available at /home/Xilinx/Vivado/2022.2/data/xhub/boards/XilinxBoardStore/boards/Xilinx/zcu208ld/production/2.0/board.xml as part xczu58dr-fsvg1517-2-i specified in board_part file is either invalid or not available
WARNING: [Board 49-26] cannot add Board Part xilinx.com:zcu216ld:part0:2.0 available at /home/Xilinx/Vivado/2022.2/data/xhub/boards/XilinxBoardStore/boards/Xilinx/zcu216ld/production/2.0/board.xml as part xczu59dr-ffvf1760-2-i specified in board_part file is either invalid or not available
WARNING: [Board 49-26] cannot add Board Part xilinx.com:zcu670:part0:2.0 available at /home/Xilinx/Vivado/2022.2/data/xhub/boards/XilinxBoardStore/boards/Xilinx/zcu670/2.0/board.xml as part xczu67dr-fsve1156-2-i specified in board_part file is either invalid or not available
WARNING: [Board 49-26] cannot add Board Part xilinx.com:zcu670ld:part0:1.0 available at /home/Xilinx/Vivado/2022.2/data/xhub/boards/XilinxBoardStore/boards/Xilinx/zcu670ld/1.0/board.xml as part xczu57dr-fsve1156-2-i specified in board_part file is either invalid or not available
INFO: [filemgmt 56-3] Default IP Output Path : Could not find the directory '/home/weigao/project_JUNE/project_JUNE.gen/sources_1'.
Scanning sources...
Finished scanning sources
INFO: [IP_Flow 19-234] Refreshing IP repositories
INFO: [IP_Flow 19-1704] No user IP repositories specified
INFO: [IP_Flow 19-2313] Loaded Vivado IP repository '/home/Xilinx/Vivado/2022.2/data/ip'.
open_project: Time (s): cpu = 00:00:18 ; elapsed = 00:00:07 . Memory (MB): peak = 7433.449 ; gain = 232.945 ; free physical = 171521 ; free virtual = 231705
update_compile_order -fileset sources_1
set_property top test_new_ipg_tx [get_filesets sim_1]
set_property top_lib xil_defaultlib [get_filesets sim_1]
update_compile_order -fileset sim_1
launch_simulation
Command: launch_simulation 
INFO: [Vivado 12-12493] Simulation top is 'test_new_ipg_tx'
WARNING: [Vivado 12-13277] Compiled library path does not exist: ''
INFO: [Vivado 12-5682] Launching behavioral simulation in '/home/weigao/project_JUNE/project_JUNE.sim/sim_1/behav/xsim'
INFO: [SIM-utils-51] Simulation object is 'sim_1'
INFO: [SIM-utils-72] Using boost library from '/home/Xilinx/Vivado/2022.2/tps/boost_1_72_0'
INFO: [SIM-utils-54] Inspecting design source files for 'test_new_ipg_tx' in fileset 'sim_1'...
INFO: [USF-XSim-97] Finding global include files...
INFO: [USF-XSim-98] Fetching design files from 'sim_1'...
INFO: [USF-XSim-2] XSim::Compile design
INFO: [USF-XSim-61] Executing 'COMPILE and ANALYZE' step in '/home/weigao/project_JUNE/project_JUNE.sim/sim_1/behav/xsim'
xvlog --incr --relax -prj test_new_ipg_tx_vlog.prj
INFO: [VRFC 10-2263] Analyzing Verilog file "/home/weigao/PHY-Project/Buffer_RTL/buf_mon.v" into library xil_defaultlib
INFO: [VRFC 10-311] analyzing module buf_mon
ERROR: [VRFC 10-2939] 'reqfin' is an unknown type [/home/weigao/PHY-Project/Buffer_RTL/buf_mon.v:7]
ERROR: [VRFC 10-2989] 'reqfin' is not declared [/home/weigao/PHY-Project/Buffer_RTL/buf_mon.v:62]
ERROR: [VRFC 10-8530] module 'buf_mon' is ignored due to previous errors [/home/weigao/PHY-Project/Buffer_RTL/buf_mon.v:1]
INFO: [USF-XSim-69] 'compile' step finished in '2' seconds
INFO: [USF-XSim-99] Step results log file:'/home/weigao/project_JUNE/project_JUNE.sim/sim_1/behav/xsim/xvlog.log'
ERROR: [USF-XSim-62] 'compile' step failed with error(s). Please check the Tcl console output or '/home/weigao/project_JUNE/project_JUNE.sim/sim_1/behav/xsim/xvlog.log' file for more information.
ERROR: [Vivado 12-4473] Detected error while running simulation. Please correct the issue and retry this operation.
ERROR: [Common 17-39] 'launch_simulation' failed due to earlier errors.
launch_simulation
Command: launch_simulation 
INFO: [Vivado 12-12493] Simulation top is 'test_new_ipg_tx'
WARNING: [Vivado 12-13277] Compiled library path does not exist: ''
INFO: [Vivado 12-5682] Launching behavioral simulation in '/home/weigao/project_JUNE/project_JUNE.sim/sim_1/behav/xsim'
INFO: [SIM-utils-51] Simulation object is 'sim_1'
INFO: [SIM-utils-72] Using boost library from '/home/Xilinx/Vivado/2022.2/tps/boost_1_72_0'
INFO: [SIM-utils-54] Inspecting design source files for 'test_new_ipg_tx' in fileset 'sim_1'...
INFO: [USF-XSim-97] Finding global include files...
INFO: [USF-XSim-98] Fetching design files from 'sim_1'...
INFO: [USF-XSim-2] XSim::Compile design
INFO: [USF-XSim-61] Executing 'COMPILE and ANALYZE' step in '/home/weigao/project_JUNE/project_JUNE.sim/sim_1/behav/xsim'
xvlog --incr --relax -prj test_new_ipg_tx_vlog.prj
INFO: [VRFC 10-2263] Analyzing Verilog file "/home/weigao/PHY-Project/Buffer_RTL/buf_mon.v" into library xil_defaultlib
INFO: [VRFC 10-311] analyzing module buf_mon
INFO: [VRFC 10-2263] Analyzing Verilog file "/home/weigao/PHY-Project/Buffer_RTL/mem_fifo_buf.v" into library xil_defaultlib
INFO: [VRFC 10-311] analyzing module mem_fifo_buf
INFO: [VRFC 10-2263] Analyzing Verilog file "/home/weigao/PHY-Project/Buffer_RTL/net_fifo_buf.v" into library xil_defaultlib
INFO: [VRFC 10-311] analyzing module net_fifo_buf
INFO: [VRFC 10-2263] Analyzing Verilog file "/home/weigao/PHY-Project/IPG_RTL/debug/new_ipg_tx.v" into library xil_defaultlib
INFO: [VRFC 10-311] analyzing module new_ipg_tx
INFO: [VRFC 10-2263] Analyzing Verilog file "/home/weigao/PHY-Project/Buffer_RTL/req_fifo_buf.v" into library xil_defaultlib
INFO: [VRFC 10-311] analyzing module req_fifo_buf
INFO: [VRFC 10-2263] Analyzing Verilog file "/home/weigao/PHY-Project/IPG_TB/test_new_ipg_tx.v" into library xil_defaultlib
INFO: [VRFC 10-311] analyzing module test_new_ipg_tx
Waiting for jobs to finish...
No pending jobs, compilation finished.
INFO: [USF-XSim-69] 'compile' step finished in '1' seconds
INFO: [USF-XSim-3] XSim::Elaborate design
INFO: [USF-XSim-61] Executing 'ELABORATE' step in '/home/weigao/project_JUNE/project_JUNE.sim/sim_1/behav/xsim'
xelab --incr --debug typical --relax --mt 8 -L xil_defaultlib -L unisims_ver -L unimacro_ver -L secureip --snapshot test_new_ipg_tx_behav xil_defaultlib.test_new_ipg_tx xil_defaultlib.glbl -log elaborate.log
Vivado Simulator v2022.2
Copyright 1986-1999, 2001-2022 Xilinx, Inc. All Rights Reserved.
Running: /home/Xilinx/Vivado/2022.2/bin/unwrapped/lnx64.o/xelab --incr --debug typical --relax --mt 8 -L xil_defaultlib -L unisims_ver -L unimacro_ver -L secureip --snapshot test_new_ipg_tx_behav xil_defaultlib.test_new_ipg_tx xil_defaultlib.glbl -log elaborate.log 
Using 8 slave threads.
Starting static elaboration
Pass Through NonSizing Optimizer
ERROR: [VRFC 10-3180] cannot find port 'encoded_tx_data_next' on this module [/home/weigao/PHY-Project/IPG_TB/test_new_ipg_tx.v:135]
ERROR: [VRFC 10-3180] cannot find port 'encoded_tx_hdr_next' on this module [/home/weigao/PHY-Project/IPG_TB/test_new_ipg_tx.v:134]
ERROR: [XSIM 43-3322] Static elaboration of top level Verilog design unit(s) in library work failed.
INFO: [USF-XSim-69] 'elaborate' step finished in '1' seconds
INFO: [USF-XSim-99] Step results log file:'/home/weigao/project_JUNE/project_JUNE.sim/sim_1/behav/xsim/elaborate.log'
ERROR: [USF-XSim-62] 'elaborate' step failed with error(s). Please check the Tcl console output or '/home/weigao/project_JUNE/project_JUNE.sim/sim_1/behav/xsim/elaborate.log' file for more information.
ERROR: [Vivado 12-4473] Detected error while running simulation. Please correct the issue and retry this operation.
ERROR: [Common 17-39] 'launch_simulation' failed due to earlier errors.
launch_simulation
Command: launch_simulation 
INFO: [Vivado 12-12493] Simulation top is 'test_new_ipg_tx'
WARNING: [Vivado 12-13277] Compiled library path does not exist: ''
INFO: [Vivado 12-5682] Launching behavioral simulation in '/home/weigao/project_JUNE/project_JUNE.sim/sim_1/behav/xsim'
INFO: [SIM-utils-51] Simulation object is 'sim_1'
INFO: [SIM-utils-72] Using boost library from '/home/Xilinx/Vivado/2022.2/tps/boost_1_72_0'
INFO: [SIM-utils-54] Inspecting design source files for 'test_new_ipg_tx' in fileset 'sim_1'...
INFO: [USF-XSim-97] Finding global include files...
INFO: [USF-XSim-98] Fetching design files from 'sim_1'...
INFO: [USF-XSim-2] XSim::Compile design
INFO: [USF-XSim-61] Executing 'COMPILE and ANALYZE' step in '/home/weigao/project_JUNE/project_JUNE.sim/sim_1/behav/xsim'
xvlog --incr --relax -prj test_new_ipg_tx_vlog.prj
INFO: [VRFC 10-2263] Analyzing Verilog file "/home/weigao/PHY-Project/Buffer_RTL/buf_mon.v" into library xil_defaultlib
INFO: [VRFC 10-311] analyzing module buf_mon
INFO: [VRFC 10-2263] Analyzing Verilog file "/home/weigao/PHY-Project/Buffer_RTL/mem_fifo_buf.v" into library xil_defaultlib
INFO: [VRFC 10-311] analyzing module mem_fifo_buf
INFO: [VRFC 10-2263] Analyzing Verilog file "/home/weigao/PHY-Project/Buffer_RTL/net_fifo_buf.v" into library xil_defaultlib
INFO: [VRFC 10-311] analyzing module net_fifo_buf
INFO: [VRFC 10-2263] Analyzing Verilog file "/home/weigao/PHY-Project/IPG_RTL/debug/new_ipg_tx.v" into library xil_defaultlib
INFO: [VRFC 10-311] analyzing module new_ipg_tx
INFO: [VRFC 10-2263] Analyzing Verilog file "/home/weigao/PHY-Project/Buffer_RTL/req_fifo_buf.v" into library xil_defaultlib
INFO: [VRFC 10-311] analyzing module req_fifo_buf
INFO: [VRFC 10-2263] Analyzing Verilog file "/home/weigao/PHY-Project/IPG_TB/test_new_ipg_tx.v" into library xil_defaultlib
INFO: [VRFC 10-311] analyzing module test_new_ipg_tx
Waiting for jobs to finish...
No pending jobs, compilation finished.
INFO: [USF-XSim-69] 'compile' step finished in '2' seconds
INFO: [USF-XSim-3] XSim::Elaborate design
INFO: [USF-XSim-61] Executing 'ELABORATE' step in '/home/weigao/project_JUNE/project_JUNE.sim/sim_1/behav/xsim'
xelab --incr --debug typical --relax --mt 8 -L xil_defaultlib -L unisims_ver -L unimacro_ver -L secureip --snapshot test_new_ipg_tx_behav xil_defaultlib.test_new_ipg_tx xil_defaultlib.glbl -log elaborate.log
Vivado Simulator v2022.2
Copyright 1986-1999, 2001-2022 Xilinx, Inc. All Rights Reserved.
Running: /home/Xilinx/Vivado/2022.2/bin/unwrapped/lnx64.o/xelab --incr --debug typical --relax --mt 8 -L xil_defaultlib -L unisims_ver -L unimacro_ver -L secureip --snapshot test_new_ipg_tx_behav xil_defaultlib.test_new_ipg_tx xil_defaultlib.glbl -log elaborate.log 
Using 8 slave threads.
Starting static elaboration
Pass Through NonSizing Optimizer
Completed static elaboration
Starting simulation data flow analysis
WARNING: [XSIM 43-4099] "/home/weigao/PHY-Project/Buffer_RTL/mem_fifo_buf.v" Line 1. Module mem_fifo_buf doesn't have a timescale but at least one module in design has a timescale.
WARNING: [XSIM 43-4099] "/home/weigao/PHY-Project/Buffer_RTL/net_fifo_buf.v" Line 1. Module net_fifo_buf doesn't have a timescale but at least one module in design has a timescale.
WARNING: [XSIM 43-4099] "/home/weigao/PHY-Project/Buffer_RTL/buf_mon.v" Line 1. Module buf_mon doesn't have a timescale but at least one module in design has a timescale.
WARNING: [XSIM 43-4099] "/home/weigao/PHY-Project/Buffer_RTL/mem_fifo_buf.v" Line 1. Module mem_fifo_buf doesn't have a timescale but at least one module in design has a timescale.
WARNING: [XSIM 43-4099] "/home/weigao/PHY-Project/Buffer_RTL/net_fifo_buf.v" Line 1. Module net_fifo_buf doesn't have a timescale but at least one module in design has a timescale.
WARNING: [XSIM 43-4099] "/home/weigao/PHY-Project/Buffer_RTL/buf_mon.v" Line 1. Module buf_mon doesn't have a timescale but at least one module in design has a timescale.
Completed simulation data flow analysis
Time Resolution for simulation is 1ps
Compiling module xil_defaultlib.req_fifo_buf
Compiling module xil_defaultlib.mem_fifo_buf
Compiling module xil_defaultlib.net_fifo_buf
Compiling module xil_defaultlib.buf_mon
Compiling module xil_defaultlib.new_ipg_tx
Compiling module xil_defaultlib.test_new_ipg_tx
Compiling module xil_defaultlib.glbl
Built simulation snapshot test_new_ipg_tx_behav
INFO: [USF-XSim-69] 'elaborate' step finished in '2' seconds
INFO: [USF-XSim-4] XSim::Simulate design
INFO: [USF-XSim-61] Executing 'SIMULATE' step in '/home/weigao/project_JUNE/project_JUNE.sim/sim_1/behav/xsim'
INFO: [USF-XSim-98] *** Running xsim
   with args "test_new_ipg_tx_behav -key {Behavioral:sim_1:Functional:test_new_ipg_tx} -tclbatch {test_new_ipg_tx.tcl} -view {/home/weigao/project_JUNE/vivadotest_ipg_mac_phy_10g_2P_behav.wcfg} -log {simulate.log}"
INFO: [USF-XSim-8] Loading simulator feature
Time resolution is 1 ps
open_wave_config /home/weigao/project_JUNE/vivadotest_ipg_mac_phy_10g_2P_behav.wcfg
WARNING: Simulation object /test_ipg_proc/UUT/clk was not found in the design.
WARNING: Simulation object /test_ipg_proc/UUT/reset was not found in the design.
WARNING: Simulation object /test_ipg_proc/UUT/rx_ipg_data was not found in the design.
WARNING: Simulation object /test_ipg_proc/UUT/rx_len was not found in the design.
WARNING: Simulation object /test_ipg_proc/UUT/ipg_reply_chunk was not found in the design.
WARNING: Simulation object /test_ipg_proc/UUT/memq_write was not found in the design.
WARNING: Simulation object /test_ipg_proc/UUT/state_reg was not found in the design.
WARNING: Simulation object /test_ipg_proc/UUT/state_next was not found in the design.
WARNING: Simulation object /test_ipg_proc/UUT/hdr was not found in the design.
WARNING: Simulation object /test_ipg_proc/UUT/len was not found in the design.
WARNING: Simulation object /test_ipg_proc/UUT/ipg_data was not found in the design.
WARNING: Simulation object /test_ipg_proc/UUT/addr was not found in the design.
WARNING: Simulation object /test_ipg_proc/UUT/addr_count_reg was not found in the design.
WARNING: Simulation object /test_ipg_proc/UUT/wr_payload_count was not found in the design.
WARNING: Simulation object /test_ipg_proc/UUT/wr_payload was not found in the design.
WARNING: Simulation object /test_ipg_proc/UUT/tx_payload_count was not found in the design.
WARNING: Simulation object /test_ipg_proc/UUT/ipg_reply was not found in the design.
WARNING: Simulation object /test_ipg_proc/UUT/jobq_reset was not found in the design.
WARNING: Simulation object /test_ipg_proc/UUT/jobq_read was not found in the design.
WARNING: Simulation object /test_ipg_proc/UUT/jobq_write was not found in the design.
WARNING: Simulation object /test_ipg_proc/UUT/jobq_empty was not found in the design.
WARNING: Simulation object /test_ipg_proc/UUT/jobq_full was not found in the design.
WARNING: Simulation object /test_ipg_proc/UUT/jobq/space was not found in the design.
WARNING: Simulation object /test_ipg_proc/UUT/jobq/w_ptr_reg was not found in the design.
WARNING: Simulation object /test_ipg_proc/UUT/jobq/r_ptr_reg was not found in the design.
source test_new_ipg_tx.tcl
# set curr_wave [current_wave_config]
# if { [string length $curr_wave] == 0 } {
#   if { [llength [get_objects]] > 0} {
#     add_wave /
#     set_property needs_save false [current_wave_config]
#   } else {
#      send_msg_id Add_Wave-1 WARNING "No top level signals found. Simulator will start without a wave window. If you want to open a wave window go to 'File->New Waveform Configuration' or type 'create_wave_config' in the TCL console."
#   }
# }
# run 1000ns
$finish called at time : 38 ns : File "/home/weigao/PHY-Project/IPG_TB/test_new_ipg_tx.v" Line 122
INFO: [USF-XSim-96] XSim completed. Design snapshot 'test_new_ipg_tx_behav' loaded.
INFO: [USF-XSim-97] XSim simulation ran for 1000ns
launch_simulation: Time (s): cpu = 00:00:16 ; elapsed = 00:00:07 . Memory (MB): peak = 7658.738 ; gain = 120.223 ; free physical = 171402 ; free virtual = 231586
current_wave_config {vivadotest_ipg_mac_phy_10g_2P_behav.wcfg}
vivadotest_ipg_mac_phy_10g_2P_behav.wcfg
add_wave {{/test_new_ipg_tx/clk}} {{/test_new_ipg_tx/encoded_tx_data_next}} {{/test_new_ipg_tx/ipg_reply_chunk}} {{/test_new_ipg_tx/ipg_req_chunk}} {{/test_new_ipg_tx/proced_encoded_tx_data}} 
relaunch_sim
Command: launch_simulation -step compile -simset sim_1 -mode behavioral
INFO: [Vivado 12-12493] Simulation top is 'test_new_ipg_tx'
WARNING: [Vivado 12-13277] Compiled library path does not exist: ''
INFO: [Vivado 12-5682] Launching behavioral simulation in '/home/weigao/project_JUNE/project_JUNE.sim/sim_1/behav/xsim'
INFO: [SIM-utils-51] Simulation object is 'sim_1'
INFO: [SIM-utils-72] Using boost library from '/home/Xilinx/Vivado/2022.2/tps/boost_1_72_0'
INFO: [SIM-utils-54] Inspecting design source files for 'test_new_ipg_tx' in fileset 'sim_1'...
INFO: [USF-XSim-97] Finding global include files...
INFO: [USF-XSim-98] Fetching design files from 'sim_1'...
INFO: [USF-XSim-2] XSim::Compile design
INFO: [USF-XSim-61] Executing 'COMPILE and ANALYZE' step in '/home/weigao/project_JUNE/project_JUNE.sim/sim_1/behav/xsim'
xvlog --incr --relax -prj test_new_ipg_tx_vlog.prj
INFO: [VRFC 10-2263] Analyzing Verilog file "/home/weigao/PHY-Project/Buffer_RTL/buf_mon.v" into library xil_defaultlib
INFO: [VRFC 10-311] analyzing module buf_mon
INFO: [VRFC 10-2263] Analyzing Verilog file "/home/weigao/PHY-Project/Buffer_RTL/mem_fifo_buf.v" into library xil_defaultlib
INFO: [VRFC 10-311] analyzing module mem_fifo_buf
INFO: [VRFC 10-2263] Analyzing Verilog file "/home/weigao/PHY-Project/Buffer_RTL/net_fifo_buf.v" into library xil_defaultlib
INFO: [VRFC 10-311] analyzing module net_fifo_buf
INFO: [VRFC 10-2263] Analyzing Verilog file "/home/weigao/PHY-Project/IPG_RTL/debug/new_ipg_tx.v" into library xil_defaultlib
INFO: [VRFC 10-311] analyzing module new_ipg_tx
INFO: [VRFC 10-2263] Analyzing Verilog file "/home/weigao/PHY-Project/Buffer_RTL/req_fifo_buf.v" into library xil_defaultlib
INFO: [VRFC 10-311] analyzing module req_fifo_buf
INFO: [VRFC 10-2263] Analyzing Verilog file "/home/weigao/PHY-Project/IPG_TB/test_new_ipg_tx.v" into library xil_defaultlib
INFO: [VRFC 10-311] analyzing module test_new_ipg_tx
Waiting for jobs to finish...
No pending jobs, compilation finished.
INFO: [USF-XSim-69] 'compile' step finished in '1' seconds
Command: launch_simulation -step elaborate -simset sim_1 -mode behavioral
INFO: [Vivado 12-12493] Simulation top is 'test_new_ipg_tx'
WARNING: [Vivado 12-13277] Compiled library path does not exist: ''
INFO: [Vivado 12-5682] Launching behavioral simulation in '/home/weigao/project_JUNE/project_JUNE.sim/sim_1/behav/xsim'
INFO: [SIM-utils-51] Simulation object is 'sim_1'
INFO: [USF-XSim-3] XSim::Elaborate design
INFO: [USF-XSim-61] Executing 'ELABORATE' step in '/home/weigao/project_JUNE/project_JUNE.sim/sim_1/behav/xsim'
xelab --incr --debug typical --relax --mt 8 -L xil_defaultlib -L unisims_ver -L unimacro_ver -L secureip --snapshot test_new_ipg_tx_behav xil_defaultlib.test_new_ipg_tx xil_defaultlib.glbl -log elaborate.log
Vivado Simulator v2022.2
Copyright 1986-1999, 2001-2022 Xilinx, Inc. All Rights Reserved.
Running: /home/Xilinx/Vivado/2022.2/bin/unwrapped/lnx64.o/xelab --incr --debug typical --relax --mt 8 -L xil_defaultlib -L unisims_ver -L unimacro_ver -L secureip --snapshot test_new_ipg_tx_behav xil_defaultlib.test_new_ipg_tx xil_defaultlib.glbl -log elaborate.log 
Using 8 slave threads.
Starting static elaboration
Pass Through NonSizing Optimizer
Completed static elaboration
Starting simulation data flow analysis
WARNING: [XSIM 43-4099] "/home/weigao/PHY-Project/Buffer_RTL/mem_fifo_buf.v" Line 1. Module mem_fifo_buf doesn't have a timescale but at least one module in design has a timescale.
WARNING: [XSIM 43-4099] "/home/weigao/PHY-Project/Buffer_RTL/net_fifo_buf.v" Line 1. Module net_fifo_buf doesn't have a timescale but at least one module in design has a timescale.
WARNING: [XSIM 43-4099] "/home/weigao/PHY-Project/Buffer_RTL/buf_mon.v" Line 1. Module buf_mon doesn't have a timescale but at least one module in design has a timescale.
WARNING: [XSIM 43-4099] "/home/weigao/PHY-Project/Buffer_RTL/mem_fifo_buf.v" Line 1. Module mem_fifo_buf doesn't have a timescale but at least one module in design has a timescale.
WARNING: [XSIM 43-4099] "/home/weigao/PHY-Project/Buffer_RTL/net_fifo_buf.v" Line 1. Module net_fifo_buf doesn't have a timescale but at least one module in design has a timescale.
WARNING: [XSIM 43-4099] "/home/weigao/PHY-Project/Buffer_RTL/buf_mon.v" Line 1. Module buf_mon doesn't have a timescale but at least one module in design has a timescale.
Completed simulation data flow analysis
Time Resolution for simulation is 1ps
Compiling module xil_defaultlib.req_fifo_buf
Compiling module xil_defaultlib.mem_fifo_buf
Compiling module xil_defaultlib.net_fifo_buf
Compiling module xil_defaultlib.buf_mon
Compiling module xil_defaultlib.new_ipg_tx
Compiling module xil_defaultlib.test_new_ipg_tx
Compiling module xil_defaultlib.glbl
Built simulation snapshot test_new_ipg_tx_behav
INFO: [USF-XSim-69] 'elaborate' step finished in '2' seconds
Time resolution is 1 ps
$finish called at time : 38 ns : File "/home/weigao/PHY-Project/IPG_TB/test_new_ipg_tx.v" Line 122
relaunch_sim: Time (s): cpu = 00:00:07 ; elapsed = 00:00:06 . Memory (MB): peak = 7676.770 ; gain = 2.016 ; free physical = 171473 ; free virtual = 231657
current_wave_config {vivadotest_ipg_mac_phy_10g_2P_behav.wcfg}
vivadotest_ipg_mac_phy_10g_2P_behav.wcfg
add_wave {{/test_new_ipg_tx/UUT/monitor/reqfin}} 
relaunch_sim
Command: launch_simulation -step compile -simset sim_1 -mode behavioral
INFO: [Vivado 12-12493] Simulation top is 'test_new_ipg_tx'
WARNING: [Vivado 12-13277] Compiled library path does not exist: ''
INFO: [Vivado 12-5682] Launching behavioral simulation in '/home/weigao/project_JUNE/project_JUNE.sim/sim_1/behav/xsim'
INFO: [SIM-utils-51] Simulation object is 'sim_1'
INFO: [USF-XSim-2] XSim::Compile design
INFO: [USF-XSim-61] Executing 'COMPILE and ANALYZE' step in '/home/weigao/project_JUNE/project_JUNE.sim/sim_1/behav/xsim'
xvlog --incr --relax -prj test_new_ipg_tx_vlog.prj
INFO: [VRFC 10-2263] Analyzing Verilog file "/home/weigao/PHY-Project/Buffer_RTL/buf_mon.v" into library xil_defaultlib
INFO: [VRFC 10-311] analyzing module buf_mon
INFO: [VRFC 10-2263] Analyzing Verilog file "/home/weigao/PHY-Project/Buffer_RTL/mem_fifo_buf.v" into library xil_defaultlib
INFO: [VRFC 10-311] analyzing module mem_fifo_buf
INFO: [VRFC 10-2263] Analyzing Verilog file "/home/weigao/PHY-Project/Buffer_RTL/net_fifo_buf.v" into library xil_defaultlib
INFO: [VRFC 10-311] analyzing module net_fifo_buf
INFO: [VRFC 10-2263] Analyzing Verilog file "/home/weigao/PHY-Project/IPG_RTL/debug/new_ipg_tx.v" into library xil_defaultlib
INFO: [VRFC 10-311] analyzing module new_ipg_tx
INFO: [VRFC 10-2263] Analyzing Verilog file "/home/weigao/PHY-Project/Buffer_RTL/req_fifo_buf.v" into library xil_defaultlib
INFO: [VRFC 10-311] analyzing module req_fifo_buf
INFO: [VRFC 10-2263] Analyzing Verilog file "/home/weigao/PHY-Project/IPG_TB/test_new_ipg_tx.v" into library xil_defaultlib
INFO: [VRFC 10-311] analyzing module test_new_ipg_tx
Waiting for jobs to finish...
No pending jobs, compilation finished.
INFO: [USF-XSim-69] 'compile' step finished in '1' seconds
Command: launch_simulation -step elaborate -simset sim_1 -mode behavioral
INFO: [Vivado 12-12493] Simulation top is 'test_new_ipg_tx'
WARNING: [Vivado 12-13277] Compiled library path does not exist: ''
INFO: [Vivado 12-5682] Launching behavioral simulation in '/home/weigao/project_JUNE/project_JUNE.sim/sim_1/behav/xsim'
INFO: [SIM-utils-51] Simulation object is 'sim_1'
INFO: [USF-XSim-3] XSim::Elaborate design
INFO: [USF-XSim-61] Executing 'ELABORATE' step in '/home/weigao/project_JUNE/project_JUNE.sim/sim_1/behav/xsim'
xelab --incr --debug typical --relax --mt 8 -L xil_defaultlib -L unisims_ver -L unimacro_ver -L secureip --snapshot test_new_ipg_tx_behav xil_defaultlib.test_new_ipg_tx xil_defaultlib.glbl -log elaborate.log
Vivado Simulator v2022.2
Copyright 1986-1999, 2001-2022 Xilinx, Inc. All Rights Reserved.
Running: /home/Xilinx/Vivado/2022.2/bin/unwrapped/lnx64.o/xelab --incr --debug typical --relax --mt 8 -L xil_defaultlib -L unisims_ver -L unimacro_ver -L secureip --snapshot test_new_ipg_tx_behav xil_defaultlib.test_new_ipg_tx xil_defaultlib.glbl -log elaborate.log 
Using 8 slave threads.
Starting static elaboration
Pass Through NonSizing Optimizer
Completed static elaboration
Starting simulation data flow analysis
WARNING: [XSIM 43-4099] "/home/weigao/PHY-Project/Buffer_RTL/mem_fifo_buf.v" Line 1. Module mem_fifo_buf doesn't have a timescale but at least one module in design has a timescale.
WARNING: [XSIM 43-4099] "/home/weigao/PHY-Project/Buffer_RTL/net_fifo_buf.v" Line 1. Module net_fifo_buf doesn't have a timescale but at least one module in design has a timescale.
WARNING: [XSIM 43-4099] "/home/weigao/PHY-Project/Buffer_RTL/buf_mon.v" Line 1. Module buf_mon doesn't have a timescale but at least one module in design has a timescale.
WARNING: [XSIM 43-4099] "/home/weigao/PHY-Project/Buffer_RTL/mem_fifo_buf.v" Line 1. Module mem_fifo_buf doesn't have a timescale but at least one module in design has a timescale.
WARNING: [XSIM 43-4099] "/home/weigao/PHY-Project/Buffer_RTL/net_fifo_buf.v" Line 1. Module net_fifo_buf doesn't have a timescale but at least one module in design has a timescale.
WARNING: [XSIM 43-4099] "/home/weigao/PHY-Project/Buffer_RTL/buf_mon.v" Line 1. Module buf_mon doesn't have a timescale but at least one module in design has a timescale.
Completed simulation data flow analysis
Time Resolution for simulation is 1ps
Compiling module xil_defaultlib.req_fifo_buf
Compiling module xil_defaultlib.mem_fifo_buf
Compiling module xil_defaultlib.net_fifo_buf
Compiling module xil_defaultlib.buf_mon
Compiling module xil_defaultlib.new_ipg_tx
Compiling module xil_defaultlib.test_new_ipg_tx
Compiling module xil_defaultlib.glbl
Built simulation snapshot test_new_ipg_tx_behav
INFO: [USF-XSim-69] 'elaborate' step finished in '2' seconds
Time resolution is 1 ps
$finish called at time : 38 ns : File "/home/weigao/PHY-Project/IPG_TB/test_new_ipg_tx.v" Line 122
relaunch_sim: Time (s): cpu = 00:00:07 ; elapsed = 00:00:06 . Memory (MB): peak = 7676.770 ; gain = 0.000 ; free physical = 171480 ; free virtual = 231664
current_wave_config {vivadotest_ipg_mac_phy_10g_2P_behav.wcfg}
vivadotest_ipg_mac_phy_10g_2P_behav.wcfg
add_wave {{/test_new_ipg_tx/UUT/monitor/reqq_empty}} 
relaunch_sim
Command: launch_simulation -step compile -simset sim_1 -mode behavioral
INFO: [Vivado 12-12493] Simulation top is 'test_new_ipg_tx'
WARNING: [Vivado 12-13277] Compiled library path does not exist: ''
INFO: [Vivado 12-5682] Launching behavioral simulation in '/home/weigao/project_JUNE/project_JUNE.sim/sim_1/behav/xsim'
INFO: [SIM-utils-51] Simulation object is 'sim_1'
INFO: [USF-XSim-2] XSim::Compile design
INFO: [USF-XSim-61] Executing 'COMPILE and ANALYZE' step in '/home/weigao/project_JUNE/project_JUNE.sim/sim_1/behav/xsim'
xvlog --incr --relax -prj test_new_ipg_tx_vlog.prj
INFO: [VRFC 10-2263] Analyzing Verilog file "/home/weigao/PHY-Project/Buffer_RTL/buf_mon.v" into library xil_defaultlib
INFO: [VRFC 10-311] analyzing module buf_mon
INFO: [VRFC 10-2263] Analyzing Verilog file "/home/weigao/PHY-Project/Buffer_RTL/mem_fifo_buf.v" into library xil_defaultlib
INFO: [VRFC 10-311] analyzing module mem_fifo_buf
INFO: [VRFC 10-2263] Analyzing Verilog file "/home/weigao/PHY-Project/Buffer_RTL/net_fifo_buf.v" into library xil_defaultlib
INFO: [VRFC 10-311] analyzing module net_fifo_buf
INFO: [VRFC 10-2263] Analyzing Verilog file "/home/weigao/PHY-Project/IPG_RTL/debug/new_ipg_tx.v" into library xil_defaultlib
INFO: [VRFC 10-311] analyzing module new_ipg_tx
INFO: [VRFC 10-2263] Analyzing Verilog file "/home/weigao/PHY-Project/Buffer_RTL/req_fifo_buf.v" into library xil_defaultlib
INFO: [VRFC 10-311] analyzing module req_fifo_buf
INFO: [VRFC 10-2263] Analyzing Verilog file "/home/weigao/PHY-Project/IPG_TB/test_new_ipg_tx.v" into library xil_defaultlib
INFO: [VRFC 10-311] analyzing module test_new_ipg_tx
Waiting for jobs to finish...
No pending jobs, compilation finished.
INFO: [USF-XSim-69] 'compile' step finished in '2' seconds
Command: launch_simulation -step elaborate -simset sim_1 -mode behavioral
INFO: [Vivado 12-12493] Simulation top is 'test_new_ipg_tx'
WARNING: [Vivado 12-13277] Compiled library path does not exist: ''
INFO: [Vivado 12-5682] Launching behavioral simulation in '/home/weigao/project_JUNE/project_JUNE.sim/sim_1/behav/xsim'
INFO: [SIM-utils-51] Simulation object is 'sim_1'
INFO: [USF-XSim-3] XSim::Elaborate design
INFO: [USF-XSim-61] Executing 'ELABORATE' step in '/home/weigao/project_JUNE/project_JUNE.sim/sim_1/behav/xsim'
xelab --incr --debug typical --relax --mt 8 -L xil_defaultlib -L unisims_ver -L unimacro_ver -L secureip --snapshot test_new_ipg_tx_behav xil_defaultlib.test_new_ipg_tx xil_defaultlib.glbl -log elaborate.log
Vivado Simulator v2022.2
Copyright 1986-1999, 2001-2022 Xilinx, Inc. All Rights Reserved.
Running: /home/Xilinx/Vivado/2022.2/bin/unwrapped/lnx64.o/xelab --incr --debug typical --relax --mt 8 -L xil_defaultlib -L unisims_ver -L unimacro_ver -L secureip --snapshot test_new_ipg_tx_behav xil_defaultlib.test_new_ipg_tx xil_defaultlib.glbl -log elaborate.log 
Using 8 slave threads.
Starting static elaboration
Pass Through NonSizing Optimizer
Completed static elaboration
Starting simulation data flow analysis
WARNING: [XSIM 43-4099] "/home/weigao/PHY-Project/Buffer_RTL/mem_fifo_buf.v" Line 1. Module mem_fifo_buf doesn't have a timescale but at least one module in design has a timescale.
WARNING: [XSIM 43-4099] "/home/weigao/PHY-Project/Buffer_RTL/net_fifo_buf.v" Line 1. Module net_fifo_buf doesn't have a timescale but at least one module in design has a timescale.
WARNING: [XSIM 43-4099] "/home/weigao/PHY-Project/Buffer_RTL/buf_mon.v" Line 1. Module buf_mon doesn't have a timescale but at least one module in design has a timescale.
WARNING: [XSIM 43-4099] "/home/weigao/PHY-Project/Buffer_RTL/mem_fifo_buf.v" Line 1. Module mem_fifo_buf doesn't have a timescale but at least one module in design has a timescale.
WARNING: [XSIM 43-4099] "/home/weigao/PHY-Project/Buffer_RTL/net_fifo_buf.v" Line 1. Module net_fifo_buf doesn't have a timescale but at least one module in design has a timescale.
WARNING: [XSIM 43-4099] "/home/weigao/PHY-Project/Buffer_RTL/buf_mon.v" Line 1. Module buf_mon doesn't have a timescale but at least one module in design has a timescale.
Completed simulation data flow analysis
Time Resolution for simulation is 1ps
Compiling module xil_defaultlib.req_fifo_buf
Compiling module xil_defaultlib.mem_fifo_buf
Compiling module xil_defaultlib.net_fifo_buf
Compiling module xil_defaultlib.buf_mon
Compiling module xil_defaultlib.new_ipg_tx
Compiling module xil_defaultlib.test_new_ipg_tx
Compiling module xil_defaultlib.glbl
Built simulation snapshot test_new_ipg_tx_behav
INFO: [USF-XSim-69] 'elaborate' step finished in '2' seconds
Time resolution is 1 ps
$finish called at time : 38 ns : File "/home/weigao/PHY-Project/IPG_TB/test_new_ipg_tx.v" Line 122
relaunch_sim: Time (s): cpu = 00:00:09 ; elapsed = 00:00:06 . Memory (MB): peak = 7676.770 ; gain = 0.000 ; free physical = 171480 ; free virtual = 231664
relaunch_sim
Command: launch_simulation -step compile -simset sim_1 -mode behavioral
INFO: [Vivado 12-12493] Simulation top is 'test_new_ipg_tx'
WARNING: [Vivado 12-13277] Compiled library path does not exist: ''
INFO: [Vivado 12-5682] Launching behavioral simulation in '/home/weigao/project_JUNE/project_JUNE.sim/sim_1/behav/xsim'
INFO: [SIM-utils-51] Simulation object is 'sim_1'
INFO: [USF-XSim-2] XSim::Compile design
INFO: [USF-XSim-61] Executing 'COMPILE and ANALYZE' step in '/home/weigao/project_JUNE/project_JUNE.sim/sim_1/behav/xsim'
xvlog --incr --relax -prj test_new_ipg_tx_vlog.prj
INFO: [VRFC 10-2263] Analyzing Verilog file "/home/weigao/PHY-Project/Buffer_RTL/buf_mon.v" into library xil_defaultlib
INFO: [VRFC 10-311] analyzing module buf_mon
INFO: [VRFC 10-2263] Analyzing Verilog file "/home/weigao/PHY-Project/Buffer_RTL/mem_fifo_buf.v" into library xil_defaultlib
INFO: [VRFC 10-311] analyzing module mem_fifo_buf
INFO: [VRFC 10-2263] Analyzing Verilog file "/home/weigao/PHY-Project/Buffer_RTL/net_fifo_buf.v" into library xil_defaultlib
INFO: [VRFC 10-311] analyzing module net_fifo_buf
INFO: [VRFC 10-2263] Analyzing Verilog file "/home/weigao/PHY-Project/IPG_RTL/debug/new_ipg_tx.v" into library xil_defaultlib
INFO: [VRFC 10-311] analyzing module new_ipg_tx
INFO: [VRFC 10-2263] Analyzing Verilog file "/home/weigao/PHY-Project/Buffer_RTL/req_fifo_buf.v" into library xil_defaultlib
INFO: [VRFC 10-311] analyzing module req_fifo_buf
INFO: [VRFC 10-2263] Analyzing Verilog file "/home/weigao/PHY-Project/IPG_TB/test_new_ipg_tx.v" into library xil_defaultlib
INFO: [VRFC 10-311] analyzing module test_new_ipg_tx
Waiting for jobs to finish...
No pending jobs, compilation finished.
INFO: [USF-XSim-69] 'compile' step finished in '1' seconds
Command: launch_simulation -step elaborate -simset sim_1 -mode behavioral
INFO: [Vivado 12-12493] Simulation top is 'test_new_ipg_tx'
WARNING: [Vivado 12-13277] Compiled library path does not exist: ''
INFO: [Vivado 12-5682] Launching behavioral simulation in '/home/weigao/project_JUNE/project_JUNE.sim/sim_1/behav/xsim'
INFO: [SIM-utils-51] Simulation object is 'sim_1'
INFO: [USF-XSim-3] XSim::Elaborate design
INFO: [USF-XSim-61] Executing 'ELABORATE' step in '/home/weigao/project_JUNE/project_JUNE.sim/sim_1/behav/xsim'
xelab --incr --debug typical --relax --mt 8 -L xil_defaultlib -L unisims_ver -L unimacro_ver -L secureip --snapshot test_new_ipg_tx_behav xil_defaultlib.test_new_ipg_tx xil_defaultlib.glbl -log elaborate.log
Vivado Simulator v2022.2
Copyright 1986-1999, 2001-2022 Xilinx, Inc. All Rights Reserved.
Running: /home/Xilinx/Vivado/2022.2/bin/unwrapped/lnx64.o/xelab --incr --debug typical --relax --mt 8 -L xil_defaultlib -L unisims_ver -L unimacro_ver -L secureip --snapshot test_new_ipg_tx_behav xil_defaultlib.test_new_ipg_tx xil_defaultlib.glbl -log elaborate.log 
Using 8 slave threads.
Starting static elaboration
Pass Through NonSizing Optimizer
Completed static elaboration
Starting simulation data flow analysis
WARNING: [XSIM 43-4099] "/home/weigao/PHY-Project/Buffer_RTL/mem_fifo_buf.v" Line 1. Module mem_fifo_buf doesn't have a timescale but at least one module in design has a timescale.
WARNING: [XSIM 43-4099] "/home/weigao/PHY-Project/Buffer_RTL/net_fifo_buf.v" Line 1. Module net_fifo_buf doesn't have a timescale but at least one module in design has a timescale.
WARNING: [XSIM 43-4099] "/home/weigao/PHY-Project/Buffer_RTL/buf_mon.v" Line 1. Module buf_mon doesn't have a timescale but at least one module in design has a timescale.
WARNING: [XSIM 43-4099] "/home/weigao/PHY-Project/Buffer_RTL/mem_fifo_buf.v" Line 1. Module mem_fifo_buf doesn't have a timescale but at least one module in design has a timescale.
WARNING: [XSIM 43-4099] "/home/weigao/PHY-Project/Buffer_RTL/net_fifo_buf.v" Line 1. Module net_fifo_buf doesn't have a timescale but at least one module in design has a timescale.
WARNING: [XSIM 43-4099] "/home/weigao/PHY-Project/Buffer_RTL/buf_mon.v" Line 1. Module buf_mon doesn't have a timescale but at least one module in design has a timescale.
Completed simulation data flow analysis
Time Resolution for simulation is 1ps
Compiling module xil_defaultlib.req_fifo_buf
Compiling module xil_defaultlib.mem_fifo_buf
Compiling module xil_defaultlib.net_fifo_buf
Compiling module xil_defaultlib.buf_mon
Compiling module xil_defaultlib.new_ipg_tx
Compiling module xil_defaultlib.test_new_ipg_tx
Compiling module xil_defaultlib.glbl
Built simulation snapshot test_new_ipg_tx_behav
INFO: [USF-XSim-69] 'elaborate' step finished in '2' seconds
Time resolution is 1 ps
$finish called at time : 38 ns : File "/home/weigao/PHY-Project/IPG_TB/test_new_ipg_tx.v" Line 122
relaunch_sim: Time (s): cpu = 00:00:10 ; elapsed = 00:00:07 . Memory (MB): peak = 7683.664 ; gain = 0.000 ; free physical = 171504 ; free virtual = 231689
