#-----------------------------------------------------------
# Vivado v2022.2 (64-bit)
# SW Build 3671981 on Fri Oct 14 04:59:54 MDT 2022
# IP Build 3669848 on Fri Oct 14 08:30:02 MDT 2022
# Start of session at: Wed Jun 28 00:13:32 2023
# Process ID: 1153859
# Current directory: /home/weigao/PHY-Project
# Command line: vivado
# Log file: /home/weigao/PHY-Project/vivado.log
# Journal file: /home/weigao/PHY-Project/vivado.jou
# Running On: atlas3, OS: Linux, CPU Frequency: 1200.031 MHz, CPU Physical cores: 20, Host memory: 201351 MB
#-----------------------------------------------------------
start_gui
WARNING: [Board 49-26] cannot add Board Part xilinx.com:vek280_es:part0:1.0 available at /home/Xilinx/Vivado/2022.2/data/xhub/boards/XilinxBoardStore/boards/Xilinx/vek280/es/1.0/board.xml as part xcve2802-vsvh1760-2lp-e-s-es1 specified in board_part file is either invalid or not available
WARNING: [Board 49-26] cannot add Board Part xilinx.com:vhk158_es:part0:1.0 available at /home/Xilinx/Vivado/2022.2/data/xhub/boards/XilinxBoardStore/boards/Xilinx/vhk158/es/1.0/board.xml as part xcvh1582-vsva3697-2mp-e-s-es1 specified in board_part file is either invalid or not available
WARNING: [Board 49-26] cannot add Board Part xilinx.com:vpk120_es:part0:1.2 available at /home/Xilinx/Vivado/2022.2/data/xhub/boards/XilinxBoardStore/boards/Xilinx/vpk120/es/1.2/board.xml as part xcvp1202-vsva2785-2mp-e-s-es1 specified in board_part file is either invalid or not available
WARNING: [Board 49-26] cannot add Board Part xilinx.com:vpk120_es_revb:part0:1.0 available at /home/Xilinx/Vivado/2022.2/data/xhub/boards/XilinxBoardStore/boards/Xilinx/vpk120_revb/es/1.0/board.xml as part xcvp1202-vsva2785-2mp-e-s-es1 specified in board_part file is either invalid or not available
WARNING: [Board 49-26] cannot add Board Part xilinx.com:vpk180_es:part0:1.0 available at /home/Xilinx/Vivado/2022.2/data/xhub/boards/XilinxBoardStore/boards/Xilinx/vpk180/es/1.0/board.xml as part xcvp1802-lsvc4072-2mp-e-s-es1 specified in board_part file is either invalid or not available
WARNING: [Board 49-26] cannot add Board Part xilinx.com:zcu208ld:part0:2.0 available at /home/Xilinx/Vivado/2022.2/data/xhub/boards/XilinxBoardStore/boards/Xilinx/zcu208ld/production/2.0/board.xml as part xczu58dr-fsvg1517-2-i specified in board_part file is either invalid or not available
WARNING: [Board 49-26] cannot add Board Part xilinx.com:zcu216ld:part0:2.0 available at /home/Xilinx/Vivado/2022.2/data/xhub/boards/XilinxBoardStore/boards/Xilinx/zcu216ld/production/2.0/board.xml as part xczu59dr-ffvf1760-2-i specified in board_part file is either invalid or not available
WARNING: [Board 49-26] cannot add Board Part xilinx.com:zcu670:part0:2.0 available at /home/Xilinx/Vivado/2022.2/data/xhub/boards/XilinxBoardStore/boards/Xilinx/zcu670/2.0/board.xml as part xczu67dr-fsve1156-2-i specified in board_part file is either invalid or not available
WARNING: [Board 49-26] cannot add Board Part xilinx.com:zcu670ld:part0:1.0 available at /home/Xilinx/Vivado/2022.2/data/xhub/boards/XilinxBoardStore/boards/Xilinx/zcu670ld/1.0/board.xml as part xczu57dr-fsve1156-2-i specified in board_part file is either invalid or not available
open_project /home/weigao/project_JUNE/project_JUNE.xpr
INFO: [filemgmt 56-3] Default IP Output Path : Could not find the directory '/home/weigao/project_JUNE/project_JUNE.gen/sources_1'.
Scanning sources...
Finished scanning sources
INFO: [IP_Flow 19-234] Refreshing IP repositories
INFO: [IP_Flow 19-1704] No user IP repositories specified
INFO: [IP_Flow 19-2313] Loaded Vivado IP repository '/home/Xilinx/Vivado/2022.2/data/ip'.
update_compile_order -fileset sources_1
launch_simulation
Command: launch_simulation 
INFO: [Vivado 12-12493] Simulation top is 'test_buf'
WARNING: [Vivado 12-13277] Compiled library path does not exist: ''
INFO: [Vivado 12-5682] Launching behavioral simulation in '/home/weigao/project_JUNE/project_JUNE.sim/sim_1/behav/xsim'
INFO: [SIM-utils-51] Simulation object is 'sim_1'
INFO: [SIM-utils-72] Using boost library from '/home/Xilinx/Vivado/2022.2/tps/boost_1_72_0'
INFO: [SIM-utils-54] Inspecting design source files for 'test_buf' in fileset 'sim_1'...
INFO: [USF-XSim-97] Finding global include files...
INFO: [USF-XSim-98] Fetching design files from 'sim_1'...
INFO: [USF-XSim-2] XSim::Compile design
INFO: [USF-XSim-61] Executing 'COMPILE and ANALYZE' step in '/home/weigao/project_JUNE/project_JUNE.sim/sim_1/behav/xsim'
xvlog --incr --relax -prj test_buf_vlog.prj
INFO: [VRFC 10-2263] Analyzing Verilog file "/home/weigao/PHY-Project/Buffer_RTL/buf_mon.v" into library xil_defaultlib
INFO: [VRFC 10-311] analyzing module buf_mon
INFO: [VRFC 10-2263] Analyzing Verilog file "/home/weigao/PHY-Project/Buffer_RTL/mem_fifo_buf.v" into library xil_defaultlib
INFO: [VRFC 10-311] analyzing module mem_fifo_buf
INFO: [VRFC 10-2263] Analyzing Verilog file "/home/weigao/PHY-Project/Buffer_RTL/net_fifo_buf.v" into library xil_defaultlib
INFO: [VRFC 10-311] analyzing module net_fifo_buf
INFO: [VRFC 10-2263] Analyzing Verilog file "/home/weigao/PHY-Project/IPG_TB/test_buf.v" into library xil_defaultlib
INFO: [VRFC 10-311] analyzing module test_buf
WARNING: [VRFC 10-8497] literal value 'h11111111111111111 truncated to fit in 64 bits [/home/weigao/PHY-Project/IPG_TB/test_buf.v:77]
WARNING: [VRFC 10-8497] literal value 'h222222222222222222 truncated to fit in 64 bits [/home/weigao/PHY-Project/IPG_TB/test_buf.v:81]
WARNING: [VRFC 10-8497] literal value 'h333333333333333333 truncated to fit in 64 bits [/home/weigao/PHY-Project/IPG_TB/test_buf.v:83]
WARNING: [VRFC 10-8497] literal value 'h11111111111111111 truncated to fit in 64 bits [/home/weigao/PHY-Project/IPG_TB/test_buf.v:105]
WARNING: [VRFC 10-8497] literal value 'h222222222222222222 truncated to fit in 64 bits [/home/weigao/PHY-Project/IPG_TB/test_buf.v:109]
WARNING: [VRFC 10-8497] literal value 'h333333333333333333 truncated to fit in 64 bits [/home/weigao/PHY-Project/IPG_TB/test_buf.v:111]
Waiting for jobs to finish...
No pending jobs, compilation finished.
INFO: [USF-XSim-69] 'compile' step finished in '1' seconds
INFO: [USF-XSim-3] XSim::Elaborate design
INFO: [USF-XSim-61] Executing 'ELABORATE' step in '/home/weigao/project_JUNE/project_JUNE.sim/sim_1/behav/xsim'
xelab --incr --debug typical --relax --mt 8 -L xil_defaultlib -L unisims_ver -L unimacro_ver -L secureip --snapshot test_buf_behav xil_defaultlib.test_buf xil_defaultlib.glbl -log elaborate.log
Vivado Simulator v2022.2
Copyright 1986-1999, 2001-2022 Xilinx, Inc. All Rights Reserved.
Running: /home/Xilinx/Vivado/2022.2/bin/unwrapped/lnx64.o/xelab --incr --debug typical --relax --mt 8 -L xil_defaultlib -L unisims_ver -L unimacro_ver -L secureip --snapshot test_buf_behav xil_defaultlib.test_buf xil_defaultlib.glbl -log elaborate.log 
Using 8 slave threads.
Starting static elaboration
Pass Through NonSizing Optimizer
Completed static elaboration
Starting simulation data flow analysis
WARNING: [XSIM 43-4100] "/home/weigao/project_JUNE/project_JUNE.sim/sim_1/behav/xsim/glbl.v" Line 6. Module glbl has a timescale but at least one module in design doesn't have timescale.
WARNING: [XSIM 43-4100] "/home/weigao/project_JUNE/project_JUNE.sim/sim_1/behav/xsim/glbl.v" Line 6. Module glbl has a timescale but at least one module in design doesn't have timescale.
Completed simulation data flow analysis
Time Resolution for simulation is 1ps
Compiling module xil_defaultlib.mem_fifo_buf
Compiling module xil_defaultlib.net_fifo_buf
Compiling module xil_defaultlib.buf_mon
Compiling module xil_defaultlib.test_buf
Compiling module xil_defaultlib.glbl
Built simulation snapshot test_buf_behav
INFO: [USF-XSim-69] 'elaborate' step finished in '2' seconds
INFO: [USF-XSim-4] XSim::Simulate design
INFO: [USF-XSim-61] Executing 'SIMULATE' step in '/home/weigao/project_JUNE/project_JUNE.sim/sim_1/behav/xsim'
INFO: [USF-XSim-98] *** Running xsim
   with args "test_buf_behav -key {Behavioral:sim_1:Functional:test_buf} -tclbatch {test_buf.tcl} -view {/home/weigao/project_JUNE/vivadotest_ipg_mac_phy_10g_2P_behav.wcfg} -log {simulate.log}"
INFO: [USF-XSim-8] Loading simulator feature
Time resolution is 1 ps
open_wave_config /home/weigao/project_JUNE/vivadotest_ipg_mac_phy_10g_2P_behav.wcfg
source test_buf.tcl
# set curr_wave [current_wave_config]
# if { [string length $curr_wave] == 0 } {
#   if { [llength [get_objects]] > 0} {
#     add_wave /
#     set_property needs_save false [current_wave_config]
#   } else {
#      send_msg_id Add_Wave-1 WARNING "No top level signals found. Simulator will start without a wave window. If you want to open a wave window go to 'File->New Waveform Configuration' or type 'create_wave_config' in the TCL console."
#   }
# }
# run 1000ns
$finish called at time : 50 ns : File "/home/weigao/PHY-Project/IPG_TB/test_buf.v" Line 124
INFO: [USF-XSim-96] XSim completed. Design snapshot 'test_buf_behav' loaded.
INFO: [USF-XSim-97] XSim simulation ran for 1000ns
launch_simulation: Time (s): cpu = 00:00:16 ; elapsed = 00:00:07 . Memory (MB): peak = 7417.160 ; gain = 63.355 ; free physical = 171642 ; free virtual = 231785
